#
# A fatal error has been detected by the Java Runtime Environment:
#
#  EXCEPTION_ACCESS_VIOLATION (0xc0000005) at pc=0x0000000000000000, pid=14088, tid=0x000000000000046c
#
# JRE version: Java(TM) SE Runtime Environment (8.0_121-b13) (build 1.8.0_121-b13)
# Java VM: Java HotSpot(TM) 64-Bit Server VM (25.121-b13 mixed mode windows-amd64 compressed oops)
# Problematic frame:
# C  0x0000000000000000
#
# Failed to write core dump. Minidumps are not enabled by default on client versions of Windows
#
# If you would like to submit a bug report, please visit:
#   http://bugreport.java.com/bugreport/crash.jsp
# The crash happened outside the Java Virtual Machine in native code.
# See problematic frame for where to report the bug.
#

---------------  T H R E A D  ---------------

Current thread (0x0000000019e90800):  JavaThread "LWJGL Application" [_thread_in_native, id=1132, stack(0x000000001b2a0000,0x000000001b3a0000)]

siginfo: ExceptionCode=0xc0000005, ExceptionInformation=0x0000000000000008 0x0000000000000000

Registers:
RAX=0x000000002106b440, RBX=0x0000000021067430, RCX=0x00000000012ae0a0, RDX=0x000000002104a090
RSP=0x000000001b39dab8, RBP=0x000000002104a090, RSI=0x000000001b39db80, RDI=0x000000002104a090
R8 =0x0000000021063420, R9 =0x000000001b39db80, R10=0x0000000000000060, R11=0x0000000000000000
R12=0x0000000000000000, R13=0x00000000178b08e8, R14=0x000000001b39dcf8, R15=0x0000000019e90800
RIP=0x0000000000000000, EFLAGS=0x0000000000010206

Top of Stack: (sp=0x000000001b39dab8)
0x000000001b39dab8:   0000000066be047c 0000000000000000
0x000000001b39dac8:   0000000000000000 000000001b39db00
0x000000001b39dad8:   0000000021063420 0000000017240468
0x000000001b39dae8:   0000000021063420 0000000021067430
0x000000001b39daf8:   000000002104a090 000000001b39db80
0x000000001b39db08:   0000000066bdf2d9 0000000019e90800
0x000000001b39db18:   0000000019eac640 00000000178b08e8
0x000000001b39db28:   000000001b39dcf8 0000000019ea3880
0x000000001b39db38:   00000000178b08e8 0000000017240468
0x000000001b39db48:   0000000002cb835d 000000001b39dc80
0x000000001b39db58:   0000000066be64bd 00000000178b08e8
0x000000001b39db68:   0000000019e90800 00000000178b08e8
0x000000001b39db78:   0000000019e90800 00000000012ae0a0
0x000000001b39db88:   0000000000000000 000000003f800000
0x000000001b39db98:   0001000000000000 000000000000ffff
0x000000001b39dba8:   0000000017240468 0000000000000002 

Instructions: (pc=0x0000000000000000)
0xffffffffffffffe0:   


Register to memory mapping:

RAX=0x000000002106b440 is an unknown value
RBX=0x0000000021067430 is an unknown value
RCX=0x00000000012ae0a0 is an unknown value
RDX=0x000000002104a090 is an unknown value
RSP=0x000000001b39dab8 is pointing into the stack for thread: 0x0000000019e90800
RBP=0x000000002104a090 is an unknown value
RSI=0x000000001b39db80 is pointing into the stack for thread: 0x0000000019e90800
RDI=0x000000002104a090 is an unknown value
R8 =0x0000000021063420 is an unknown value
R9 =0x000000001b39db80 is pointing into the stack for thread: 0x0000000019e90800
R10=0x0000000000000060 is an unknown value
R11=0x0000000000000000 is an unknown value
R12=0x0000000000000000 is an unknown value
R13={method} {0x00000000178b08f0} 'jniCreateFixture' '(JJFFFZSSS)J' in 'com/badlogic/gdx/physics/box2d/Body'
R14=0x000000001b39dcf8 is pointing into the stack for thread: 0x0000000019e90800
R15=0x0000000019e90800 is a thread


Stack: [0x000000001b2a0000,0x000000001b3a0000],  sp=0x000000001b39dab8,  free space=1014k
Native frames: (J=compiled Java code, j=interpreted, Vv=VM code, C=native code)

Java frames: (J=compiled Java code, j=interpreted, Vv=VM code)
j  com.badlogic.gdx.physics.box2d.Body.jniCreateFixture(JJFFFZSSS)J+0
j  com.badlogic.gdx.physics.box2d.Body.createFixture(Lcom/badlogic/gdx/physics/box2d/FixtureDef;)Lcom/badlogic/gdx/physics/box2d/Fixture;+49
j  tools.Tools.polygonMapObjectToFixture(Lcom/badlogic/gdx/maps/objects/PolygonMapObject;Lcom/badlogic/gdx/physics/box2d/World;F)Lcom/badlogic/gdx/physics/box2d/Fixture;+133
j  levels.Level.defineGround()V+43
j  levels.Level.<init>(Ljava/lang/String;[I[IZZZ)V+231
j  levels.Level.<init>(Ljava/lang/String;[I[IZZZLjava/util/Map;)V+10
j  levels.Level1.<init>()V+39
v  ~StubRoutines::call_stub
j  sun.reflect.NativeConstructorAccessorImpl.newInstance0(Ljava/lang/reflect/Constructor;[Ljava/lang/Object;)Ljava/lang/Object;+0
j  sun.reflect.NativeConstructorAccessorImpl.newInstance([Ljava/lang/Object;)Ljava/lang/Object;+85
j  sun.reflect.DelegatingConstructorAccessorImpl.newInstance([Ljava/lang/Object;)Ljava/lang/Object;+5
j  java.lang.reflect.Constructor.newInstance([Ljava/lang/Object;)Ljava/lang/Object;+79
j  java.lang.Class.newInstance()Ljava/lang/Object;+138
j  levels.LevelFactory.loadLevel(I)Llevels/Level;+22
j  screens.GameplayScreen.<clinit>()V+1
v  ~StubRoutines::call_stub
j  main.Tomb.create()V+1
j  com.badlogic.gdx.backends.lwjgl.LwjglApplication.mainLoop()V+29
j  com.badlogic.gdx.backends.lwjgl.LwjglApplication$1.run()V+27
v  ~StubRoutines::call_stub

---------------  P R O C E S S  ---------------

Java Threads: ( => current thread )
  0x0000000019e97000 JavaThread "DestroyJavaVM" [_thread_blocked, id=9264, stack(0x0000000002ab0000,0x0000000002bb0000)]
=>0x0000000019e90800 JavaThread "LWJGL Application" [_thread_in_native, id=1132, stack(0x000000001b2a0000,0x000000001b3a0000)]
  0x0000000019bf2000 JavaThread "Service Thread" daemon [_thread_blocked, id=984, stack(0x000000001a750000,0x000000001a850000)]
  0x0000000019b64000 JavaThread "C1 CompilerThread3" daemon [_thread_blocked, id=11000, stack(0x000000001a650000,0x000000001a750000)]
  0x0000000019b60800 JavaThread "C2 CompilerThread2" daemon [_thread_blocked, id=8748, stack(0x000000001a550000,0x000000001a650000)]
  0x0000000019b51800 JavaThread "C2 CompilerThread1" daemon [_thread_in_native, id=13448, stack(0x000000001a450000,0x000000001a550000)]
  0x0000000019b4e000 JavaThread "C2 CompilerThread0" daemon [_thread_blocked, id=12340, stack(0x000000001a350000,0x000000001a450000)]
  0x0000000019b49000 JavaThread "Attach Listener" daemon [_thread_blocked, id=8108, stack(0x000000001a250000,0x000000001a350000)]
  0x0000000019b48000 JavaThread "Signal Dispatcher" daemon [_thread_blocked, id=5128, stack(0x000000001a150000,0x000000001a250000)]
  0x0000000019b40800 JavaThread "Finalizer" daemon [_thread_blocked, id=14648, stack(0x0000000019f20000,0x000000001a020000)]
  0x0000000002ca9000 JavaThread "Reference Handler" daemon [_thread_blocked, id=13052, stack(0x0000000019a20000,0x0000000019b20000)]

Other Threads:
  0x0000000017c29000 VMThread [stack: 0x0000000019920000,0x0000000019a20000] [id=4060]
  0x0000000019c22000 WatcherThread [stack: 0x000000001a850000,0x000000001a950000] [id=6448]

VM state:not at safepoint (normal execution)

VM Mutex/Monitor currently owned by a thread: None

Heap:
 PSYoungGen      total 38400K, used 15024K [0x00000000d5f00000, 0x00000000d8980000, 0x0000000100000000)
  eden space 33280K, 45% used [0x00000000d5f00000,0x00000000d6dac290,0x00000000d7f80000)
  from space 5120K, 0% used [0x00000000d8480000,0x00000000d8480000,0x00000000d8980000)
  to   space 5120K, 0% used [0x00000000d7f80000,0x00000000d7f80000,0x00000000d8480000)
 ParOldGen       total 87552K, used 0K [0x0000000081c00000, 0x0000000087180000, 0x00000000d5f00000)
  object space 87552K, 0% used [0x0000000081c00000,0x0000000081c00000,0x0000000087180000)
 Metaspace       used 7095K, capacity 7395K, committed 7424K, reserved 1056768K
  class space    used 690K, capacity 752K, committed 768K, reserved 1048576K

Card table byte_map: [0x0000000012070000,0x0000000012470000] byte_map_base: 0x0000000011c62000

Marking Bits: (ParMarkBitMap*) 0x0000000076aeb6d0
 Begin Bits: [0x0000000012f20000, 0x0000000014eb0000)
 End Bits:   [0x0000000014eb0000, 0x0000000016e40000)

Polling page: 0x0000000000ed0000

CodeCache: size=245760Kb used=2378Kb max_used=2380Kb free=243381Kb
 bounds [0x0000000002cb0000, 0x0000000002f20000, 0x0000000011cb0000]
 total_blobs=963 nmethods=486 adapters=390
 compilation: enabled

Compilation events (10 events):
Event: 0.409 Thread 0x0000000019b64000  483       3       java.util.zip.ZipFile::getZipEntry (236 bytes)
Event: 0.409 Thread 0x0000000019b64000 nmethod 483 0x0000000002efff90 code [0x0000000002f001e0, 0x0000000002f00d68]
Event: 0.410 Thread 0x0000000019b4e000 nmethod 481 0x0000000002f046d0 code [0x0000000002f04820, 0x0000000002f04c58]
Event: 0.414 Thread 0x0000000019b64000  484       3       java.lang.ClassLoader::compareCerts (149 bytes)
Event: 0.415 Thread 0x0000000019b64000 nmethod 484 0x0000000002f03950 code [0x0000000002f03b20, 0x0000000002f043d8]
Event: 0.415 Thread 0x0000000019b64000  485       3       java.util.Vector::elementData (7 bytes)
Event: 0.415 Thread 0x0000000019b64000 nmethod 485 0x0000000002f03590 code [0x0000000002f036e0, 0x0000000002f03850]
Event: 0.416 Thread 0x0000000019b51800  487   !   4       sun.misc.URLClassPath$JarLoader::getResource (85 bytes)
Event: 0.416 Thread 0x0000000019b64000  486       3       java.lang.ClassNotFoundException::<init> (7 bytes)
Event: 0.416 Thread 0x0000000019b64000 nmethod 486 0x0000000002f030d0 code [0x0000000002f03240, 0x0000000002f03488]

GC Heap History (0 events):
No events

Deoptimization events (0 events):
No events

Internal exceptions (10 events):
Event: 0.095 Thread 0x0000000002bb2800 Exception <a 'java/security/PrivilegedActionException'> (0x00000000d61ba960) thrown at [C:\re\workspace\8-2-build-windows-amd64-cygwin\jdk8u121\8372\hotspot\src\share\vm\prims\jvm.cpp, line 1390]
Event: 0.095 Thread 0x0000000002bb2800 Exception <a 'java/security/PrivilegedActionException'> (0x00000000d61bab70) thrown at [C:\re\workspace\8-2-build-windows-amd64-cygwin\jdk8u121\8372\hotspot\src\share\vm\prims\jvm.cpp, line 1390]
Event: 0.095 Thread 0x0000000002bb2800 Exception <a 'java/security/PrivilegedActionException'> (0x00000000d61be7e0) thrown at [C:\re\workspace\8-2-build-windows-amd64-cygwin\jdk8u121\8372\hotspot\src\share\vm\prims\jvm.cpp, line 1390]
Event: 0.095 Thread 0x0000000002bb2800 Exception <a 'java/security/PrivilegedActionException'> (0x00000000d61be9f0) thrown at [C:\re\workspace\8-2-build-windows-amd64-cygwin\jdk8u121\8372\hotspot\src\share\vm\prims\jvm.cpp, line 1390]
Event: 0.167 Thread 0x0000000002bb2800 Exception <a 'java/security/PrivilegedActionException'> (0x00000000d62d6210) thrown at [C:\re\workspace\8-2-build-windows-amd64-cygwin\jdk8u121\8372\hotspot\src\share\vm\prims\jvm.cpp, line 1390]
Event: 0.167 Thread 0x0000000002bb2800 Exception <a 'java/security/PrivilegedActionException'> (0x00000000d62d7ee8) thrown at [C:\re\workspace\8-2-build-windows-amd64-cygwin\jdk8u121\8372\hotspot\src\share\vm\prims\jvm.cpp, line 1390]
Event: 0.167 Thread 0x0000000002bb2800 Exception <a 'java/security/PrivilegedActionException'> (0x00000000d62d9058) thrown at [C:\re\workspace\8-2-build-windows-amd64-cygwin\jdk8u121\8372\hotspot\src\share\vm\prims\jvm.cpp, line 1390]
Event: 0.167 Thread 0x0000000002bb2800 Exception <a 'java/security/PrivilegedActionException'> (0x00000000d62de1c0) thrown at [C:\re\workspace\8-2-build-windows-amd64-cygwin\jdk8u121\8372\hotspot\src\share\vm\prims\jvm.cpp, line 1390]
Event: 0.167 Thread 0x0000000002bb2800 Exception <a 'java/security/PrivilegedActionException'> (0x00000000d62dee18) thrown at [C:\re\workspace\8-2-build-windows-amd64-cygwin\jdk8u121\8372\hotspot\src\share\vm\prims\jvm.cpp, line 1390]
Event: 0.167 Thread 0x0000000002bb2800 Exception <a 'java/security/PrivilegedActionException'> (0x00000000d62dfa40) thrown at [C:\re\workspace\8-2-build-windows-amd64-cygwin\jdk8u121\8372\hotspot\src\share\vm\prims\jvm.cpp, line 1390]

Events (10 events):
Event: 0.417 loading class com/badlogic/gdx/physics/box2d/FixtureDef
Event: 0.417 loading class com/badlogic/gdx/physics/box2d/FixtureDef done
Event: 0.417 loading class com/badlogic/gdx/physics/box2d/Filter
Event: 0.417 loading class com/badlogic/gdx/physics/box2d/Filter done
Event: 0.417 loading class com/badlogic/gdx/physics/box2d/Body
Event: 0.417 loading class com/badlogic/gdx/physics/box2d/Body done
Event: 0.418 loading class com/badlogic/gdx/physics/box2d/Transform
Event: 0.418 loading class com/badlogic/gdx/physics/box2d/Transform done
Event: 0.418 loading class com/badlogic/gdx/physics/box2d/MassData
Event: 0.418 loading class com/badlogic/gdx/physics/box2d/MassData done


Dynamic libraries:
0x00007ff671b10000 - 0x00007ff671b47000 	C:\Program Files\Java\jre1.8.0_121\bin\javaw.exe
0x00007ffe04490000 - 0x00007ffe04661000 	C:\Windows\SYSTEM32\ntdll.dll
0x00007ffe04270000 - 0x00007ffe0431b000 	C:\Windows\System32\KERNEL32.DLL
0x00007ffe01700000 - 0x00007ffe0191d000 	C:\Windows\System32\KERNELBASE.dll
0x00007ffe01f70000 - 0x00007ffe02012000 	C:\Windows\System32\ADVAPI32.dll
0x00007ffe02350000 - 0x00007ffe023ee000 	C:\Windows\System32\msvcrt.dll
0x00007ffe02020000 - 0x00007ffe02079000 	C:\Windows\System32\sechost.dll
0x00007ffe02080000 - 0x00007ffe021a1000 	C:\Windows\System32\RPCRT4.dll
0x00007ffe04320000 - 0x00007ffe04485000 	C:\Windows\System32\USER32.dll
0x00007ffe00d80000 - 0x00007ffe00d9e000 	C:\Windows\System32\win32u.dll
0x00007ffe03f00000 - 0x00007ffe03f34000 	C:\Windows\System32\GDI32.dll
0x00007ffe00bf0000 - 0x00007ffe00d72000 	C:\Windows\System32\gdi32full.dll
0x00007ffdeed80000 - 0x00007ffdeeff9000 	C:\Windows\WinSxS\amd64_microsoft.windows.common-controls_6595b64144ccf1df_6.0.14393.0_none_2d0f50fcbdb171b8\COMCTL32.dll
0x00007ffe03f40000 - 0x00007ffe04207000 	C:\Windows\System32\combase.dll
0x00007ffe01920000 - 0x00007ffe01a15000 	C:\Windows\System32\ucrtbase.dll
0x00007ffe00a80000 - 0x00007ffe00aea000 	C:\Windows\System32\bcryptPrimitives.dll
0x00007ffe023f0000 - 0x00007ffe0241e000 	C:\Windows\System32\IMM32.DLL
0x00000000761c0000 - 0x0000000076292000 	C:\Program Files\Java\jre1.8.0_121\bin\msvcr100.dll
0x00000000762d0000 - 0x0000000076b6b000 	C:\Program Files\Java\jre1.8.0_121\bin\server\jvm.dll
0x00007ffe03ef0000 - 0x00007ffe03ef8000 	C:\Windows\System32\PSAPI.DLL
0x00007ffdf5db0000 - 0x00007ffdf5db9000 	C:\Windows\SYSTEM32\WSOCK32.dll
0x00007ffdfe870000 - 0x00007ffdfe893000 	C:\Windows\SYSTEM32\WINMM.dll
0x00007ffdf3610000 - 0x00007ffdf361a000 	C:\Windows\SYSTEM32\VERSION.dll
0x00007ffe02430000 - 0x00007ffe0249a000 	C:\Windows\System32\WS2_32.dll
0x00007ffdfe510000 - 0x00007ffdfe53b000 	C:\Windows\SYSTEM32\WINMMBASE.dll
0x00007ffe00ba0000 - 0x00007ffe00be2000 	C:\Windows\System32\cfgmgr32.dll
0x0000000076c30000 - 0x0000000076c3f000 	C:\Program Files\Java\jre1.8.0_121\bin\verify.dll
0x0000000076c00000 - 0x0000000076c29000 	C:\Program Files\Java\jre1.8.0_121\bin\java.dll
0x0000000076be0000 - 0x0000000076bf6000 	C:\Program Files\Java\jre1.8.0_121\bin\zip.dll
0x00007ffe026d0000 - 0x00007ffe03bd8000 	C:\Windows\System32\SHELL32.dll
0x00007ffe00f70000 - 0x00007ffe0164a000 	C:\Windows\System32\windows.storage.dll
0x00007ffe009a0000 - 0x00007ffe009ec000 	C:\Windows\System32\powrprof.dll
0x00007ffe04210000 - 0x00007ffe04262000 	C:\Windows\System32\shlwapi.dll
0x00007ffe009f0000 - 0x00007ffe009ff000 	C:\Windows\System32\kernel.appcore.dll
0x00007ffe01650000 - 0x00007ffe016f9000 	C:\Windows\System32\shcore.dll
0x00007ffe00a00000 - 0x00007ffe00a14000 	C:\Windows\System32\profapi.dll
0x0000000065580000 - 0x0000000065616000 	C:\Users\MKeiNll\AppData\Local\Temp\libgdxMKeiNll\8aad67a5\gdx64.dll
0x00007ffe003c0000 - 0x00007ffe003d7000 	C:\Windows\SYSTEM32\CRYPTSP.dll
0x00007ffdffb70000 - 0x00007ffdffba3000 	C:\Windows\system32\rsaenh.dll
0x00007ffe008d0000 - 0x00007ffe008fb000 	C:\Windows\SYSTEM32\bcrypt.dll
0x00007ffdffde0000 - 0x00007ffdffdff000 	C:\Windows\SYSTEM32\USERENV.dll
0x00007ffe00100000 - 0x00007ffe0010b000 	C:\Windows\SYSTEM32\CRYPTBASE.dll
0x0000000076bc0000 - 0x0000000076bda000 	C:\Program Files\Java\jre1.8.0_121\bin\net.dll
0x00007ffdfff60000 - 0x00007ffdfffbc000 	C:\Windows\system32\mswsock.dll
0x00007ffdffcf0000 - 0x00007ffdffd28000 	C:\Windows\SYSTEM32\IPHLPAPI.DLL
0x00007ffe02420000 - 0x00007ffe02428000 	C:\Windows\System32\NSI.dll
0x00007ffdfa550000 - 0x00007ffdfa566000 	C:\Windows\SYSTEM32\dhcpcsvc6.DLL
0x00007ffdfc410000 - 0x00007ffdfc42a000 	C:\Windows\SYSTEM32\dhcpcsvc.DLL
0x0000000076ba0000 - 0x0000000076bb1000 	C:\Program Files\Java\jre1.8.0_121\bin\nio.dll
0x0000000180000000 - 0x0000000180053000 	C:\Users\MKeiNll\AppData\Local\Temp\libgdxMKeiNll\dc0f0009\lwjgl64.dll
0x00007ffde6a50000 - 0x00007ffde6b73000 	C:\Windows\SYSTEM32\OPENGL32.dll
0x00007ffde6970000 - 0x00007ffde699d000 	C:\Windows\SYSTEM32\GLU32.dll
0x00007ffde6870000 - 0x00007ffde6967000 	C:\Windows\SYSTEM32\DDRAW.dll
0x00007ffde62f0000 - 0x00007ffde62f8000 	C:\Windows\SYSTEM32\DCIMAN32.dll
0x000000001acf0000 - 0x000000001ad54000 	C:\Users\MKeiNll\AppData\Local\Temp\libgdxMKeiNll\dc0f0009\OpenAL64.dll
0x00007ffe02210000 - 0x00007ffe02347000 	C:\Windows\System32\ole32.dll
0x00007ffdfedf0000 - 0x00007ffdfee85000 	C:\Windows\system32\uxtheme.dll
0x00007ffde4900000 - 0x00007ffde4968000 	C:\Program Files (x86)\Overwolf\0.105.324.0\x64\OWExplorer.dll
0x00007ffe003e0000 - 0x00007ffe00572000 	C:\Windows\SYSTEM32\dbghelp.dll
0x00007ffe00300000 - 0x00007ffe00329000 	C:\Windows\SYSTEM32\dbgcore.DLL
0x00007ffe01e50000 - 0x00007ffe01eef000 	C:\Windows\System32\clbcatq.dll
0x00007ffdfddd0000 - 0x00007ffdfdf55000 	C:\Windows\System32\PROPSYS.dll
0x00007ffe024a0000 - 0x00007ffe0255c000 	C:\Windows\System32\OLEAUT32.dll
0x00007ffded680000 - 0x00007ffded71b000 	C:\Windows\SYSTEM32\dsound.dll
0x00007ffdfa980000 - 0x00007ffdfa9f1000 	C:\Windows\System32\MMDevApi.dll
0x00007ffdff310000 - 0x00007ffdff338000 	C:\Windows\System32\DEVOBJ.dll
0x00007ffde2fc0000 - 0x00007ffde3054000 	C:\Windows\SYSTEM32\AUDIOSES.DLL
0x00007ffdfc860000 - 0x00007ffdfc996000 	C:\Windows\SYSTEM32\wintypes.dll
0x00007ffe03be0000 - 0x00007ffe03d3b000 	C:\Windows\System32\MSCTF.dll
0x00007ffdfdf90000 - 0x00007ffdfdfb6000 	C:\Windows\system32\dwmapi.dll
0x00007ffdc5570000 - 0x00007ffdc62b9000 	C:\Windows\System32\DriverStore\FileRepository\igdlh64.inf_amd64_f54a4c96d3261a9e\ig9icd64.dll
0x00007ffdfddb0000 - 0x00007ffdfddc3000 	C:\Windows\SYSTEM32\WTSAPI32.dll
0x00007ffdec980000 - 0x00007ffdeca11000 	C:\Windows\SYSTEM32\mscms.dll
0x00007ffded790000 - 0x00007ffded7d2000 	C:\Windows\SYSTEM32\icm32.dll
0x00007ffdf7cb0000 - 0x00007ffdf8e0d000 	C:\Windows\System32\DriverStore\FileRepository\igdlh64.inf_amd64_f54a4c96d3261a9e\igc64.dll
0x0000000066bc0000 - 0x0000000066c7b000 	C:\Users\MKeiNll\AppData\Local\Temp\libgdxMKeiNll\b6038e5c\gdx-box2d64.dll

VM Arguments:
jvm_args: -Dfile.encoding=UTF-8 
java_command: com.tomb.desktop.DesktopLauncher
java_class_path (initial): C:\Users\MKeiNll\Documents\Java\Workspaces\Urbanisation\Tomb\desktop\bin;C:\Users\MKeiNll\.gradle\caches\modules-2\files-2.1\com.badlogicgames.gdx\gdx-backend-lwjgl\1.9.4\4c6c108a9dcbc07096de8594b93f9cab33856fe2\gdx-backend-lwjgl-1.9.4.jar;C:\Users\MKeiNll\.gradle\caches\modules-2\files-2.1\com.badlogicgames.gdx\gdx-platform\1.9.4\8e93afecc287ab152179983fc1b5f65db4c2fa4c\gdx-platform-1.9.4-natives-desktop.jar;C:\Users\MKeiNll\.gradle\caches\modules-2\files-2.1\com.badlogicgames.gdx\gdx-box2d-platform\1.9.4\905a9ed3017cd3917b7fbada5ece58c40fddcbca\gdx-box2d-platform-1.9.4-natives-desktop.jar;C:\Users\MKeiNll\.gradle\caches\modules-2\files-2.1\com.badlogicgames.gdx\gdx-bullet-platform\1.9.4\13190302e8721452ffb8ae242dba20f6195e8175\gdx-bullet-platform-1.9.4-natives-desktop.jar;C:\Users\MKeiNll\.gradle\caches\modules-2\files-2.1\com.badlogicgames.gdx\gdx-freetype-platform\1.9.4\4bced98798c82ba1cb947343bdd6297243ea09e3\gdx-freetype-platform-1.9.4-natives-desktop.jar;C:\Users\MKeiNll\.gradle\caches\modules-2\files-2.1\com.badlogicgames.gdx\gdx-tools\1.9.4\4c15cd85a5077bc7d13914be7cbd8dcce2d31725\gdx-tools-1.9.4.jar;C:\Users\MKeiNll\.gradle\caches\modules-2\files-2.1\com.badlogicgames.gdx\gdx\1.9.4\4b4b7962d1bc75af0438f5c81ec1010557bc9ee5\gdx-1.9.4.jar;C:\Users\MKeiNll\.gradle\caches\modules-2\files-2.1\com.badlogicgames.gdx\gdx-box2d\1.9.4\98a0d25c9f0637fecac6e4aacf7287aa635964f5\gdx-box2d-1.9.4.jar;C:\Users\MKeiNll\.gradle\caches\modules-2\files-2.1\com.badlogicgames.gdx\gdx-bullet\1.9.4\971a174538f313b9f975b8a6bbdf3aad04bb564d\gdx-bullet-1.9.4.jar;C:\Users\MKeiNll\.gradle\caches\modules-2\files-2.1\com.badlogicgames.gdx\gdx-freetype\1.9.4\8816dd669b8ca09e7d5e9575807e92c4318f708\gdx-freetype-1.9.4.jar;C:\Users\MKeiNll\.gradle\caches\modules-2\files-2.1\com.badlogicgames.box2dlights\box2dlights\1.4\3d77ad5b4164fb32fc67e2446e35911bb0aaf0bd\box2dlights-1.4.jar;C:\Users\MKeiNll\.gradle\caches\modules-2\files-2.1\org.lwjgl.lwjgl\lwjgl\2.9.2\a9d80f
Launcher Type: SUN_STANDARD

Environment Variables:
PATH=C:/Program Files/Java/jre1.8.0_121/bin/server;C:/Program Files/Java/jre1.8.0_121/bin;C:/Program Files/Java/jre1.8.0_121/lib/amd64;C:\ProgramData\Oracle\Java\javapath;C:\Program Files (x86)\Intel\iCLS Client\;C:\Program Files\Intel\iCLS Client\;C:\Windows\system32;C:\Windows;C:\Windows\System32\Wbem;C:\Windows\System32\WindowsPowerShell\v1.0\;C:\Program Files (x86)\Intel\Intel(R) Management Engine Components\DAL;C:\Program Files\Intel\Intel(R) Management Engine Components\DAL;C:\Program Files (x86)\Intel\Intel(R) Management Engine Components\IPT;C:\Program Files\Intel\Intel(R) Management Engine Components\IPT;C:\Program Files (x86)\GtkSharp\2.12\bin;C:\Program Files (x86)\nodejs\;C:\Ruby23-x64\bin;C:\Users\MKeiNll\AppData\Local\Microsoft\WindowsApps;C:\Users\MKeiNll\AppData\Roaming\npm;C:\Program Files (x86)\Java\jre7\bin;C:\adb;C:\Program Files (x86)\Skype\Phone\;C:\Ruby23-x64\bin;C:\Users\MKeiNll\AppData\Local\Microsoft\WindowsApps;C:\Users\MKeiNll\AppData\Roaming\npm;C:\Program Files (x86)\Java\jre7\bin;C:\Windows\system32;
USERNAME=MKeiNll
OS=Windows_NT
PROCESSOR_IDENTIFIER=Intel64 Family 6 Model 94 Stepping 3, GenuineIntel



---------------  S Y S T E M  ---------------

OS: Windows 10.0 , 64 bit Build 14393 (10.0.14393.0)

CPU:total 8 (4 cores per cpu, 2 threads per core) family 6 model 94 stepping 3, cmov, cx8, fxsr, mmx, sse, sse2, sse3, ssse3, sse4.1, sse4.2, popcnt, avx, avx2, aes, clmul, erms, rtm, 3dnowpref, lzcnt, ht, tsc, tscinvbit, bmi1, bmi2, adx

Memory: 4k page, physical 8268376k(3905368k free), swap 17211152k(9404348k free)

vm_info: Java HotSpot(TM) 64-Bit Server VM (25.121-b13) for windows-amd64 JRE (1.8.0_121-b13), built on Dec 12 2016 18:21:36 by "java_re" with MS VC++ 10.0 (VS2010)

time: Sun Jul 23 21:59:40 2017
elapsed time: 0 seconds (0d 0h 0m 0s)

