#
# A fatal error has been detected by the Java Runtime Environment:
#
#  EXCEPTION_ACCESS_VIOLATION (0xc0000005) at pc=0x0000000066be287b, pid=4020, tid=0x0000000000000a70
#
# JRE version: Java(TM) SE Runtime Environment (8.0_121-b13) (build 1.8.0_121-b13)
# Java VM: Java HotSpot(TM) 64-Bit Server VM (25.121-b13 mixed mode windows-amd64 compressed oops)
# Problematic frame:
# C  [gdx-box2d64.dll+0x2287b]
#
# Failed to write core dump. Minidumps are not enabled by default on client versions of Windows
#
# If you would like to submit a bug report, please visit:
#   http://bugreport.java.com/bugreport/crash.jsp
# The crash happened outside the Java Virtual Machine in native code.
# See problematic frame for where to report the bug.
#

---------------  T H R E A D  ---------------

Current thread (0x0000000019d89000):  JavaThread "LWJGL Application" [_thread_in_native, id=2672, stack(0x000000001b850000,0x000000001b950000)]

siginfo: ExceptionCode=0xc0000005, reading address 0x0000000020dbafa0

Registers:
RAX=0x0000000000000019, RBX=0x0000000020e0b3c0, RCX=0x0000000020e0b3c0, RDX=0x0000000020dbaf20
RSP=0x000000001b94ef70, RBP=0x000000001b94f0c8, RSI=0x0000000020dbaf20, RDI=0x0000000020dbaf20
R8 =0x0000000020e0b3c0, R9 =0x0000000020dbaf20, R10=0x0000000002b87f48, R11=0x000000006325b820
R12=0x0000000000000000, R13=0x00000000177543c8, R14=0x000000001b94f108, R15=0x0000000019d89000
RIP=0x0000000066be287b, EFLAGS=0x0000000000010246

Top of Stack: (sp=0x000000001b94ef70)
0x000000001b94ef70:   0000000019d89000 000000001b94efe0
0x000000001b94ef80:   00000000177543c8 0000000019d89000
0x000000001b94ef90:   0000000020e0b3c0 0000000020dbaf20
0x000000001b94efa0:   00000000d7178078 000000001b94f0c8
0x000000001b94efb0:   0000000000000000 0000000066be867d
0x000000001b94efc0:   000000001b94f6a8 0000000019d89000
0x000000001b94efd0:   0000000019d89000 0000000000000000
0x000000001b94efe0:   0000000066c1c830 0000000019d891f8
0x000000001b94eff0:   000000001b94f108 0000000019d89000
0x000000001b94f000:   0000000066c1c8b0 0000000019d891f8
0x000000001b94f010:   000000001b94f108 0000000019d89000
0x000000001b94f020:   00000000177543c8 00000000177543c8
0x000000001b94f030:   00000000d7178078 0000000002b87f74
0x000000001b94f040:   00000000d7178078 00000000d7178078
0x000000001b94f050:   00000000d7178078 0000000002b87ceb
0x000000001b94f060:   0000000019d89000 00000000177543c8 

Instructions: (pc=0x0000000066be287b)
0x0000000066be285b:   81 30 93 01 00 48 89 cb 48 89 d7 85 c0 0f 8e 93
0x0000000066be286b:   01 00 00 f6 83 98 92 01 00 02 0f 85 55 01 00 00
0x0000000066be287b:   48 8b af 80 00 00 00 48 85 ed 75 0c eb 3c 0f 1f
0x0000000066be288b:   80 00 00 00 00 48 89 f5 48 8b 8b 48 93 01 00 48 


Register to memory mapping:

RAX=0x0000000000000019 is an unknown value
RBX=0x0000000020e0b3c0 is an unknown value
RCX=0x0000000020e0b3c0 is an unknown value
RDX=0x0000000020dbaf20 is an unknown value
RSP=0x000000001b94ef70 is pointing into the stack for thread: 0x0000000019d89000
RBP=0x000000001b94f0c8 is pointing into the stack for thread: 0x0000000019d89000
RSI=0x0000000020dbaf20 is an unknown value
RDI=0x0000000020dbaf20 is an unknown value
R8 =0x0000000020e0b3c0 is an unknown value
R9 =0x0000000020dbaf20 is an unknown value
R10=0x0000000002b87f48 is at code_begin+840 in an Interpreter codelet
method entry point (kind = native)  [0x0000000002b87c00, 0x0000000002b88560]  2400 bytes
R11=0x000000006325b820 is an unknown value
R12=0x0000000000000000 is an unknown value
R13={method} {0x00000000177543d0} 'jniDestroyBody' '(JJ)V' in 'com/badlogic/gdx/physics/box2d/World'
R14=0x000000001b94f108 is pointing into the stack for thread: 0x0000000019d89000
R15=0x0000000019d89000 is a thread


Stack: [0x000000001b850000,0x000000001b950000],  sp=0x000000001b94ef70,  free space=1019k
Native frames: (J=compiled Java code, j=interpreted, Vv=VM code, C=native code)
C  [gdx-box2d64.dll+0x2287b]
C  [gdx-box2d64.dll+0x2867d]
C  0x0000000002b87f74

Java frames: (J=compiled Java code, j=interpreted, Vv=VM code)
j  com.badlogic.gdx.physics.box2d.World.jniDestroyBody(JJ)V+0
j  com.badlogic.gdx.physics.box2d.World.destroyBody(Lcom/badlogic/gdx/physics/box2d/Body;)V+42
j  entities.Player.spawn(Lcom/badlogic/gdx/physics/box2d/World;Lcom/badlogic/gdx/math/Vector2;)V+12
J 1142 C1 screens.GameplayScreen.render(F)V (131 bytes) @ 0x0000000002fca0a4 [0x0000000002fc94a0+0xc04]
J 1130 C1 com.badlogic.gdx.Game.render()V (25 bytes) @ 0x0000000002fb5874 [0x0000000002fb5700+0x174]
j  com.badlogic.gdx.backends.lwjgl.LwjglApplication.mainLoop()V+698
j  com.badlogic.gdx.backends.lwjgl.LwjglApplication$1.run()V+27
v  ~StubRoutines::call_stub

---------------  P R O C E S S  ---------------

Java Threads: ( => current thread )
  0x000000001b62a000 JavaThread "Timer" daemon [_thread_blocked, id=9684, stack(0x00000000230d0000,0x00000000231d0000)]
  0x0000000002a72800 JavaThread "DestroyJavaVM" [_thread_blocked, id=8224, stack(0x00000000028f0000,0x00000000029f0000)]
=>0x0000000019d89000 JavaThread "LWJGL Application" [_thread_in_native, id=2672, stack(0x000000001b850000,0x000000001b950000)]
  0x0000000019ab1800 JavaThread "Service Thread" daemon [_thread_blocked, id=5608, stack(0x000000001a5e0000,0x000000001a6e0000)]
  0x0000000019a2c800 JavaThread "C1 CompilerThread3" daemon [_thread_blocked, id=12968, stack(0x000000001a4e0000,0x000000001a5e0000)]
  0x0000000019a25800 JavaThread "C2 CompilerThread2" daemon [_thread_blocked, id=11992, stack(0x000000001a3e0000,0x000000001a4e0000)]
  0x0000000019a20800 JavaThread "C2 CompilerThread1" daemon [_thread_blocked, id=12892, stack(0x000000001a2e0000,0x000000001a3e0000)]
  0x0000000019a19000 JavaThread "C2 CompilerThread0" daemon [_thread_in_native, id=11436, stack(0x000000001a1e0000,0x000000001a2e0000)]
  0x0000000019a18000 JavaThread "Attach Listener" daemon [_thread_blocked, id=9188, stack(0x000000001a0e0000,0x000000001a1e0000)]
  0x0000000019a17000 JavaThread "Signal Dispatcher" daemon [_thread_blocked, id=12940, stack(0x0000000019fe0000,0x000000001a0e0000)]
  0x0000000019a10800 JavaThread "Finalizer" daemon [_thread_blocked, id=13088, stack(0x0000000019df0000,0x0000000019ef0000)]
  0x0000000002b69000 JavaThread "Reference Handler" daemon [_thread_blocked, id=11720, stack(0x00000000198f0000,0x00000000199f0000)]

Other Threads:
  0x0000000017ae9800 VMThread [stack: 0x00000000197f0000,0x00000000198f0000] [id=9536]
  0x0000000019ae0800 WatcherThread [stack: 0x000000001a6e0000,0x000000001a7e0000] [id=11756]

VM state:not at safepoint (normal execution)

VM Mutex/Monitor currently owned by a thread: None

Heap:
 PSYoungGen      total 38400K, used 23578K [0x00000000d5f00000, 0x00000000d8980000, 0x0000000100000000)
  eden space 33280K, 70% used [0x00000000d5f00000,0x00000000d7606928,0x00000000d7f80000)
  from space 5120K, 0% used [0x00000000d8480000,0x00000000d8480000,0x00000000d8980000)
  to   space 5120K, 0% used [0x00000000d7f80000,0x00000000d7f80000,0x00000000d8480000)
 ParOldGen       total 87552K, used 0K [0x0000000081c00000, 0x0000000087180000, 0x00000000d5f00000)
  object space 87552K, 0% used [0x0000000081c00000,0x0000000081c00000,0x0000000087180000)
 Metaspace       used 8527K, capacity 8609K, committed 8832K, reserved 1056768K
  class space    used 814K, capacity 853K, committed 896K, reserved 1048576K

Card table byte_map: [0x0000000011f30000,0x0000000012330000] byte_map_base: 0x0000000011b22000

Marking Bits: (ParMarkBitMap*) 0x000000006384b6d0
 Begin Bits: [0x0000000012de0000, 0x0000000014d70000)
 End Bits:   [0x0000000014d70000, 0x0000000016d00000)

Polling page: 0x0000000002890000

CodeCache: size=245760Kb used=4991Kb max_used=5003Kb free=240768Kb
 bounds [0x0000000002b70000, 0x0000000003060000, 0x0000000011b70000]
 total_blobs=1788 nmethods=1280 adapters=421
 compilation: enabled

Compilation events (10 events):
Event: 4.391 Thread 0x0000000019a2c800 nmethod 1273 0x0000000003046ad0 code [0x0000000003046d60, 0x0000000003047f68]
Event: 4.391 Thread 0x0000000019a25800 1275       4       com.badlogic.gdx.utils.LongMap::hash2 (22 bytes)
Event: 4.391 Thread 0x0000000019a2c800 1272       3       sun.nio.cs.UTF_8$Decoder::decodeLoop (28 bytes)
Event: 4.391 Thread 0x0000000019a25800 nmethod 1275 0x0000000002fd8690 code [0x0000000002fd87c0, 0x0000000002fd8838]
Event: 4.391 Thread 0x0000000019a2c800 nmethod 1272 0x0000000003046290 code [0x0000000003046420, 0x0000000003046958]
Event: 4.391 Thread 0x0000000019a2c800 1274       3       com.badlogic.gdx.graphics.Color::<init> (31 bytes)
Event: 4.391 Thread 0x0000000019a2c800 nmethod 1274 0x0000000003045e10 code [0x0000000003045f80, 0x0000000003046188]
Event: 4.391 Thread 0x0000000019a2c800 1277       3       com.badlogic.gdx.graphics.g2d.GlyphLayout::setText (988 bytes)
Event: 4.392 Thread 0x0000000019a20800 1279       4       com.badlogic.gdx.utils.Pools::get (37 bytes)
Event: 4.392 Thread 0x0000000019a25800 1280       4       java.lang.String::<init> (82 bytes)

GC Heap History (0 events):
No events

Deoptimization events (10 events):
Event: 1.072 Thread 0x0000000019d89000 Uncommon trap: reason=unstable_if action=reinterpret pc=0x0000000002fa231c method=com.badlogic.gdx.scenes.scene2d.actions.TemporalAction.act(F)Z @ 55
Event: 1.072 Thread 0x0000000019d89000 Uncommon trap: reason=unstable_if action=reinterpret pc=0x0000000002f377f0 method=com.badlogic.gdx.scenes.scene2d.Actor.act(F)V @ 63
Event: 1.097 Thread 0x0000000019d89000 Uncommon trap: reason=unstable_if action=reinterpret pc=0x0000000002f6f708 method=com.badlogic.gdx.physics.box2d.Box2DDebugRenderer.getColorByBody(Lcom/badlogic/gdx/physics/box2d/Body;)Lcom/badlogic/gdx/graphics/Color; @ 46
Event: 1.097 Thread 0x0000000019d89000 Uncommon trap: reason=unstable_if action=reinterpret pc=0x0000000002f353ac method=com.badlogic.gdx.physics.box2d.Box2DDebugRenderer.getColorByBody(Lcom/badlogic/gdx/physics/box2d/Body;)Lcom/badlogic/gdx/graphics/Color; @ 46
Event: 1.531 Thread 0x0000000019d89000 Uncommon trap: reason=unstable_if action=reinterpret pc=0x0000000002ff1cbc method=entities.Gem.updateAndRender(Lentities/Player;FLcom/badlogic/gdx/graphics/g2d/SpriteBatch;)V @ 61
Event: 4.337 Thread 0x0000000019d89000 Uncommon trap: reason=unstable_if action=reinterpret pc=0x0000000002f18118 method=com.badlogic.gdx.utils.Array$ArrayIterable.iterator()Ljava/util/Iterator; @ 4
Event: 4.339 Thread 0x0000000019d89000 Uncommon trap: reason=null_check action=make_not_entrant pc=0x0000000002febf8c method=com.badlogic.gdx.utils.Pools.get(Ljava/lang/Class;I)Lcom/badlogic/gdx/utils/Pool; @ 7
Event: 4.349 Thread 0x0000000019d89000 Uncommon trap: reason=null_check action=make_not_entrant pc=0x0000000002fe0250 method=com.badlogic.gdx.utils.ObjectMap.get(Ljava/lang/Object;)Ljava/lang/Object; @ 57
Event: 4.391 Thread 0x0000000019d89000 Uncommon trap: reason=unstable_if action=reinterpret pc=0x0000000002ff97c8 method=com.badlogic.gdx.graphics.g2d.GlyphLayout.setText(Lcom/badlogic/gdx/graphics/g2d/BitmapFont;Ljava/lang/CharSequence;IILcom/badlogic/gdx/graphics/Color;FIZLjava/lang/String;)
Event: 4.391 Thread 0x0000000019d89000 Uncommon trap: reason=unstable_if action=reinterpret pc=0x000000000300eccc method=com.badlogic.gdx.utils.Array.ensureCapacity(I)[Ljava/lang/Object; @ 13

Internal exceptions (10 events):
Event: 0.098 Thread 0x0000000002a72800 Exception <a 'java/security/PrivilegedActionException'> (0x00000000d61bf028) thrown at [C:\re\workspace\8-2-build-windows-amd64-cygwin\jdk8u121\8372\hotspot\src\share\vm\prims\jvm.cpp, line 1390]
Event: 0.163 Thread 0x0000000002a72800 Exception <a 'java/security/PrivilegedActionException'> (0x00000000d62d8ed0) thrown at [C:\re\workspace\8-2-build-windows-amd64-cygwin\jdk8u121\8372\hotspot\src\share\vm\prims\jvm.cpp, line 1390]
Event: 0.163 Thread 0x0000000002a72800 Exception <a 'java/security/PrivilegedActionException'> (0x00000000d62daba8) thrown at [C:\re\workspace\8-2-build-windows-amd64-cygwin\jdk8u121\8372\hotspot\src\share\vm\prims\jvm.cpp, line 1390]
Event: 0.163 Thread 0x0000000002a72800 Exception <a 'java/security/PrivilegedActionException'> (0x00000000d62dbd18) thrown at [C:\re\workspace\8-2-build-windows-amd64-cygwin\jdk8u121\8372\hotspot\src\share\vm\prims\jvm.cpp, line 1390]
Event: 0.164 Thread 0x0000000002a72800 Exception <a 'java/security/PrivilegedActionException'> (0x00000000d62e0e80) thrown at [C:\re\workspace\8-2-build-windows-amd64-cygwin\jdk8u121\8372\hotspot\src\share\vm\prims\jvm.cpp, line 1390]
Event: 0.164 Thread 0x0000000002a72800 Exception <a 'java/security/PrivilegedActionException'> (0x00000000d62e1ad8) thrown at [C:\re\workspace\8-2-build-windows-amd64-cygwin\jdk8u121\8372\hotspot\src\share\vm\prims\jvm.cpp, line 1390]
Event: 0.164 Thread 0x0000000002a72800 Exception <a 'java/security/PrivilegedActionException'> (0x00000000d62e2700) thrown at [C:\re\workspace\8-2-build-windows-amd64-cygwin\jdk8u121\8372\hotspot\src\share\vm\prims\jvm.cpp, line 1390]
Event: 4.337 Thread 0x0000000019d89000 Implicit null exception at 0x0000000002f180b0 to 0x0000000002f18105
Event: 4.339 Thread 0x0000000019d89000 Implicit null exception at 0x0000000002febe10 to 0x0000000002febf7d
Event: 4.349 Thread 0x0000000019d89000 Implicit null exception at 0x0000000002fdffeb to 0x0000000002fe0240

Events (10 events):
Event: 4.349 Thread 0x0000000019d89000 DEOPT PACKING pc=0x0000000002fe0250 sp=0x000000001b94e5e0
Event: 4.349 Thread 0x0000000019d89000 DEOPT UNPACKING pc=0x0000000002bb582a sp=0x000000001b94e590 mode 2
Event: 4.387 Thread 0x0000000019d89000 DEOPT PACKING pc=0x0000000002de1d9b sp=0x000000001b94def0
Event: 4.387 Thread 0x0000000019d89000 DEOPT UNPACKING pc=0x0000000002bb787f sp=0x000000001b94dd08 mode 0
Event: 4.391 Thread 0x0000000019d89000 Uncommon trap: trap_request=0xffffff65 fr.pc=0x0000000002ff97c8
Event: 4.391 Thread 0x0000000019d89000 DEOPT PACKING pc=0x0000000002ff97c8 sp=0x000000001b94e4b0
Event: 4.391 Thread 0x0000000019d89000 DEOPT UNPACKING pc=0x0000000002bb582a sp=0x000000001b94e418 mode 2
Event: 4.391 Thread 0x0000000019d89000 Uncommon trap: trap_request=0xffffff65 fr.pc=0x000000000300eccc
Event: 4.391 Thread 0x0000000019d89000 DEOPT PACKING pc=0x000000000300eccc sp=0x000000001b94e310
Event: 4.391 Thread 0x0000000019d89000 DEOPT UNPACKING pc=0x0000000002bb582a sp=0x000000001b94e238 mode 2


Dynamic libraries:
0x00007ff75f5a0000 - 0x00007ff75f5d7000 	C:\Program Files\Java\jre1.8.0_121\bin\javaw.exe
0x00007ff8bb470000 - 0x00007ff8bb641000 	C:\Windows\SYSTEM32\ntdll.dll
0x00007ff8bb010000 - 0x00007ff8bb0bb000 	C:\Windows\System32\KERNEL32.DLL
0x00007ff8b87e0000 - 0x00007ff8b89fd000 	C:\Windows\System32\KERNELBASE.dll
0x00007ff8b95e0000 - 0x00007ff8b9682000 	C:\Windows\System32\ADVAPI32.dll
0x00007ff8b9300000 - 0x00007ff8b939e000 	C:\Windows\System32\msvcrt.dll
0x00007ff8b8fd0000 - 0x00007ff8b9029000 	C:\Windows\System32\sechost.dll
0x00007ff8bb280000 - 0x00007ff8bb3a1000 	C:\Windows\System32\RPCRT4.dll
0x00007ff8b9690000 - 0x00007ff8b97f5000 	C:\Windows\System32\USER32.dll
0x00007ff8b8130000 - 0x00007ff8b814e000 	C:\Windows\System32\win32u.dll
0x00007ff8b9050000 - 0x00007ff8b9084000 	C:\Windows\System32\GDI32.dll
0x00007ff8b81c0000 - 0x00007ff8b8342000 	C:\Windows\System32\gdi32full.dll
0x00007ff8a5d50000 - 0x00007ff8a5fc9000 	C:\Windows\WinSxS\amd64_microsoft.windows.common-controls_6595b64144ccf1df_6.0.14393.0_none_2d0f50fcbdb171b8\COMCTL32.dll
0x00007ff8b9830000 - 0x00007ff8b9af7000 	C:\Windows\System32\combase.dll
0x00007ff8b86e0000 - 0x00007ff8b87d5000 	C:\Windows\System32\ucrtbase.dll
0x00007ff8b8150000 - 0x00007ff8b81ba000 	C:\Windows\System32\bcryptPrimitives.dll
0x00007ff8b9800000 - 0x00007ff8b982e000 	C:\Windows\System32\IMM32.DLL
0x0000000062290000 - 0x0000000062362000 	C:\Program Files\Java\jre1.8.0_121\bin\msvcr100.dll
0x0000000063030000 - 0x00000000638cb000 	C:\Program Files\Java\jre1.8.0_121\bin\server\jvm.dll
0x00007ff8b9170000 - 0x00007ff8b9178000 	C:\Windows\System32\PSAPI.DLL
0x00007ff8aab40000 - 0x00007ff8aab49000 	C:\Windows\SYSTEM32\WSOCK32.dll
0x00007ff8ae110000 - 0x00007ff8ae11a000 	C:\Windows\SYSTEM32\VERSION.dll
0x00007ff8b5b50000 - 0x00007ff8b5b73000 	C:\Windows\SYSTEM32\WINMM.dll
0x00007ff8b9100000 - 0x00007ff8b916a000 	C:\Windows\System32\WS2_32.dll
0x00007ff8b59e0000 - 0x00007ff8b5a0b000 	C:\Windows\SYSTEM32\WINMMBASE.dll
0x00007ff8b7a00000 - 0x00007ff8b7a42000 	C:\Windows\System32\cfgmgr32.dll
0x0000000063020000 - 0x000000006302f000 	C:\Program Files\Java\jre1.8.0_121\bin\verify.dll
0x0000000062ff0000 - 0x0000000063019000 	C:\Program Files\Java\jre1.8.0_121\bin\java.dll
0x0000000062fd0000 - 0x0000000062fe6000 	C:\Program Files\Java\jre1.8.0_121\bin\zip.dll
0x00007ff8b9b00000 - 0x00007ff8bb008000 	C:\Windows\System32\SHELL32.dll
0x00007ff8b7a50000 - 0x00007ff8b812a000 	C:\Windows\System32\windows.storage.dll
0x00007ff8b79a0000 - 0x00007ff8b79ec000 	C:\Windows\System32\powrprof.dll
0x00007ff8b9280000 - 0x00007ff8b92d2000 	C:\Windows\System32\shlwapi.dll
0x00007ff8b7970000 - 0x00007ff8b797f000 	C:\Windows\System32\kernel.appcore.dll
0x00007ff8b8580000 - 0x00007ff8b8629000 	C:\Windows\System32\shcore.dll
0x00007ff8b7980000 - 0x00007ff8b7994000 	C:\Windows\System32\profapi.dll
0x0000000065580000 - 0x0000000065616000 	C:\Users\MKeiNll\AppData\Local\Temp\libgdxMKeiNll\8aad67a5\gdx64.dll
0x00007ff8b73e0000 - 0x00007ff8b73f7000 	C:\Windows\SYSTEM32\CRYPTSP.dll
0x00007ff8b6e50000 - 0x00007ff8b6e83000 	C:\Windows\system32\rsaenh.dll
0x00007ff8b78b0000 - 0x00007ff8b78db000 	C:\Windows\SYSTEM32\bcrypt.dll
0x00007ff8b70c0000 - 0x00007ff8b70df000 	C:\Windows\SYSTEM32\USERENV.dll
0x00007ff8b7400000 - 0x00007ff8b740b000 	C:\Windows\SYSTEM32\CRYPTBASE.dll
0x0000000062fb0000 - 0x0000000062fca000 	C:\Program Files\Java\jre1.8.0_121\bin\net.dll
0x00007ff8b7240000 - 0x00007ff8b729c000 	C:\Windows\system32\mswsock.dll
0x00007ff8b6fd0000 - 0x00007ff8b7008000 	C:\Windows\SYSTEM32\IPHLPAPI.DLL
0x00007ff8b92e0000 - 0x00007ff8b92e8000 	C:\Windows\System32\NSI.dll
0x00007ff8b33c0000 - 0x00007ff8b33d6000 	C:\Windows\SYSTEM32\dhcpcsvc6.DLL
0x00007ff8b36f0000 - 0x00007ff8b370a000 	C:\Windows\SYSTEM32\dhcpcsvc.DLL
0x0000000062f90000 - 0x0000000062fa1000 	C:\Program Files\Java\jre1.8.0_121\bin\nio.dll
0x0000000180000000 - 0x0000000180053000 	C:\Users\MKeiNll\AppData\Local\Temp\libgdxMKeiNll\dc0f0009\lwjgl64.dll
0x00007ff89a490000 - 0x00007ff89a5b3000 	C:\Windows\SYSTEM32\OPENGL32.dll
0x00007ff89a390000 - 0x00007ff89a487000 	C:\Windows\SYSTEM32\DDRAW.dll
0x00007ff89b800000 - 0x00007ff89b82d000 	C:\Windows\SYSTEM32\GLU32.dll
0x00007ff8a1da0000 - 0x00007ff8a1da8000 	C:\Windows\SYSTEM32\DCIMAN32.dll
0x000000001ab70000 - 0x000000001abd4000 	C:\Users\MKeiNll\AppData\Local\Temp\libgdxMKeiNll\dc0f0009\OpenAL64.dll
0x00007ff8b8e90000 - 0x00007ff8b8fc7000 	C:\Windows\System32\ole32.dll
0x00007ff8b6100000 - 0x00007ff8b6195000 	C:\Windows\system32\uxtheme.dll
0x00007ff8b9540000 - 0x00007ff8b95df000 	C:\Windows\System32\clbcatq.dll
0x00007ff8b4bb0000 - 0x00007ff8b4d35000 	C:\Windows\System32\PROPSYS.dll
0x00007ff8bb3b0000 - 0x00007ff8bb46c000 	C:\Windows\System32\OLEAUT32.dll
0x00007ff88b5c0000 - 0x00007ff88b65b000 	C:\Windows\SYSTEM32\dsound.dll
0x00007ff8b3180000 - 0x00007ff8b31f1000 	C:\Windows\System32\MMDevApi.dll
0x00007ff8b6550000 - 0x00007ff8b6578000 	C:\Windows\System32\DEVOBJ.dll
0x00007ff899490000 - 0x00007ff899524000 	C:\Windows\SYSTEM32\AUDIOSES.DLL
0x00007ff8b3510000 - 0x00007ff8b3646000 	C:\Windows\SYSTEM32\wintypes.dll
0x00007ff8bb0c0000 - 0x00007ff8bb21b000 	C:\Windows\System32\MSCTF.dll
0x00007ff8b52a0000 - 0x00007ff8b52c6000 	C:\Windows\system32\dwmapi.dll
0x00007ff8830a0000 - 0x00007ff883de9000 	C:\Windows\System32\DriverStore\FileRepository\igdlh64.inf_amd64_f54a4c96d3261a9e\ig9icd64.dll
0x00007ff8b4850000 - 0x00007ff8b4863000 	C:\Windows\SYSTEM32\WTSAPI32.dll
0x00007ff8a89e0000 - 0x00007ff8a8a71000 	C:\Windows\SYSTEM32\mscms.dll
0x00007ff8a58f0000 - 0x00007ff8a5932000 	C:\Windows\SYSTEM32\icm32.dll
0x00007ff8af500000 - 0x00007ff8b065d000 	C:\Windows\System32\DriverStore\FileRepository\igdlh64.inf_amd64_f54a4c96d3261a9e\igc64.dll
0x0000000066bc0000 - 0x0000000066c7b000 	C:\Users\MKeiNll\AppData\Local\Temp\libgdxMKeiNll\b6038e5c\gdx-box2d64.dll
0x000000006a740000 - 0x000000006a7f1000 	C:\Users\MKeiNll\AppData\Local\Temp\libgdxMKeiNll\53b76bda\gdx-freetype64.dll
0x00007ff8aad50000 - 0x00007ff8aaee2000 	C:\Windows\SYSTEM32\dbghelp.dll

VM Arguments:
jvm_args: -Dfile.encoding=UTF-8 
java_command: com.tomb.desktop.DesktopLauncher
java_class_path (initial): C:\Users\MKeiNll\Documents\Java\Workspaces\Urbanisation\Tomb\desktop\bin;C:\Users\MKeiNll\.gradle\caches\modules-2\files-2.1\com.badlogicgames.gdx\gdx-backend-lwjgl\1.9.4\4c6c108a9dcbc07096de8594b93f9cab33856fe2\gdx-backend-lwjgl-1.9.4.jar;C:\Users\MKeiNll\.gradle\caches\modules-2\files-2.1\com.badlogicgames.gdx\gdx-platform\1.9.4\8e93afecc287ab152179983fc1b5f65db4c2fa4c\gdx-platform-1.9.4-natives-desktop.jar;C:\Users\MKeiNll\.gradle\caches\modules-2\files-2.1\com.badlogicgames.gdx\gdx-box2d-platform\1.9.4\905a9ed3017cd3917b7fbada5ece58c40fddcbca\gdx-box2d-platform-1.9.4-natives-desktop.jar;C:\Users\MKeiNll\.gradle\caches\modules-2\files-2.1\com.badlogicgames.gdx\gdx-bullet-platform\1.9.4\13190302e8721452ffb8ae242dba20f6195e8175\gdx-bullet-platform-1.9.4-natives-desktop.jar;C:\Users\MKeiNll\.gradle\caches\modules-2\files-2.1\com.badlogicgames.gdx\gdx-freetype-platform\1.9.4\4bced98798c82ba1cb947343bdd6297243ea09e3\gdx-freetype-platform-1.9.4-natives-desktop.jar;C:\Users\MKeiNll\.gradle\caches\modules-2\files-2.1\com.badlogicgames.gdx\gdx-tools\1.9.4\4c15cd85a5077bc7d13914be7cbd8dcce2d31725\gdx-tools-1.9.4.jar;C:\Users\MKeiNll\.gradle\caches\modules-2\files-2.1\com.badlogicgames.gdx\gdx\1.9.4\4b4b7962d1bc75af0438f5c81ec1010557bc9ee5\gdx-1.9.4.jar;C:\Users\MKeiNll\.gradle\caches\modules-2\files-2.1\com.badlogicgames.gdx\gdx-box2d\1.9.4\98a0d25c9f0637fecac6e4aacf7287aa635964f5\gdx-box2d-1.9.4.jar;C:\Users\MKeiNll\.gradle\caches\modules-2\files-2.1\com.badlogicgames.gdx\gdx-bullet\1.9.4\971a174538f313b9f975b8a6bbdf3aad04bb564d\gdx-bullet-1.9.4.jar;C:\Users\MKeiNll\.gradle\caches\modules-2\files-2.1\com.badlogicgames.gdx\gdx-freetype\1.9.4\8816dd669b8ca09e7d5e9575807e92c4318f708\gdx-freetype-1.9.4.jar;C:\Users\MKeiNll\.gradle\caches\modules-2\files-2.1\com.badlogicgames.box2dlights\box2dlights\1.4\3d77ad5b4164fb32fc67e2446e35911bb0aaf0bd\box2dlights-1.4.jar;C:\Users\MKeiNll\.gradle\caches\modules-2\files-2.1\org.lwjgl.lwjgl\lwjgl\2.9.2\a9d80f
Launcher Type: SUN_STANDARD

Environment Variables:
PATH=C:/Program Files/Java/jre1.8.0_121/bin/server;C:/Program Files/Java/jre1.8.0_121/bin;C:/Program Files/Java/jre1.8.0_121/lib/amd64;C:\ProgramData\Oracle\Java\javapath;C:\Program Files (x86)\Intel\iCLS Client\;C:\Program Files\Intel\iCLS Client\;C:\Windows\system32;C:\Windows;C:\Windows\System32\Wbem;C:\Windows\System32\WindowsPowerShell\v1.0\;C:\Program Files (x86)\Intel\Intel(R) Management Engine Components\DAL;C:\Program Files\Intel\Intel(R) Management Engine Components\DAL;C:\Program Files (x86)\Intel\Intel(R) Management Engine Components\IPT;C:\Program Files\Intel\Intel(R) Management Engine Components\IPT;C:\Program Files (x86)\GtkSharp\2.12\bin;C:\Program Files (x86)\nodejs\;C:\Ruby23-x64\bin;C:\Users\MKeiNll\AppData\Local\Microsoft\WindowsApps;C:\Users\MKeiNll\AppData\Roaming\npm;C:\Program Files (x86)\Java\jre7\bin;C:\adb;C:\Program Files (x86)\Skype\Phone\;C:\Ruby23-x64\bin;C:\Users\MKeiNll\AppData\Local\Microsoft\WindowsApps;C:\Users\MKeiNll\AppData\Roaming\npm;C:\Program Files (x86)\Java\jre7\bin;C:\Windows\system32;
USERNAME=MKeiNll
OS=Windows_NT
PROCESSOR_IDENTIFIER=Intel64 Family 6 Model 94 Stepping 3, GenuineIntel



---------------  S Y S T E M  ---------------

OS: Windows 10.0 , 64 bit Build 14393 (10.0.14393.0)

CPU:total 8 (4 cores per cpu, 2 threads per core) family 6 model 94 stepping 3, cmov, cx8, fxsr, mmx, sse, sse2, sse3, ssse3, sse4.1, sse4.2, popcnt, avx, avx2, aes, clmul, erms, rtm, 3dnowpref, lzcnt, ht, tsc, tscinvbit, bmi1, bmi2, adx

Memory: 4k page, physical 8268376k(3862588k free), swap 13367084k(5869292k free)

vm_info: Java HotSpot(TM) 64-Bit Server VM (25.121-b13) for windows-amd64 JRE (1.8.0_121-b13), built on Dec 12 2016 18:21:36 by "java_re" with MS VC++ 10.0 (VS2010)

time: Thu Jul 27 03:49:47 2017
elapsed time: 4 seconds (0d 0h 0m 4s)

